Using pre-set license
Built from '2020.3/release' branch; Version is '2020.3.12f1 (b3b2c6512326) revision 11776710'; Using compiler version '192528614'; Build Type 'Release'
OS: 'Windows 10 Pro; OS build 19042.1052; Version 2009; 64bit' Language: 'ja' Physical Memory: 16229 MB
BatchMode: 1, IsHumanControllingUs: 0, StartBugReporterOnCrash: 0, Is64bit: 1, IsPro: 0

 COMMAND LINE ARGUMENTS:
C:\Program Files\Unity\2020.3.12f1\Editor\Unity.exe
-adb2
-batchMode
-noUpm
-name
AssetImportWorker0
-projectPath
C:/Users/human/Documents/pomupomu/FragmentOfAnotherWorld
-logFile
Logs/AssetImportWorker0.log
-srvPort
61971
Successfully changed project path to: C:/Users/human/Documents/pomupomu/FragmentOfAnotherWorld
C:/Users/human/Documents/pomupomu/FragmentOfAnotherWorld
Using Asset Import Pipeline V2.
Refreshing native plugins compatible for Editor in 76.42 ms, found 3 plugins.
Preloading 0 native plugins for Editor in 0.00 ms.
Initialize engine version: 2020.3.12f1 (b3b2c6512326)
[Subsystems] Discovering subsystems at path C:/Program Files/Unity/2020.3.12f1/Editor/Data/Resources/UnitySubsystems
[Subsystems] Discovering subsystems at path C:/Users/human/Documents/pomupomu/FragmentOfAnotherWorld/Assets
GfxDevice: creating device client; threaded=0
Direct3D:
    Version:  Direct3D 11.0 [level 11.1]
    Renderer: NVIDIA GeForce GTX 1650 with Max-Q Design (ID=0x1f91)
    Vendor:   
    VRAM:     3962 MB
    Driver:   25.21.14.1788
Initialize mono
Mono path[0] = 'C:/Program Files/Unity/2020.3.12f1/Editor/Data/Managed'
Mono path[1] = 'C:/Program Files/Unity/2020.3.12f1/Editor/Data/MonoBleedingEdge/lib/mono/unityjit'
Mono config path = 'C:/Program Files/Unity/2020.3.12f1/Editor/Data/MonoBleedingEdge/etc'
Using monoOptions --debugger-agent=transport=dt_socket,embedding=1,server=y,suspend=n,address=127.0.0.1:56008
Begin MonoManager ReloadAssembly
Registering precompiled unity dll's ...
Register platform support module: C:/Program Files/Unity/2020.3.12f1/Editor/Data/PlaybackEngines/WindowsStandaloneSupport/UnityEditor.WindowsStandalone.Extensions.dll
Registered in 0.003172 seconds.
Native extension for WindowsStandalone target not found
Refreshing native plugins compatible for Editor in 76.82 ms, found 3 plugins.
Preloading 0 native plugins for Editor in 0.00 ms.
Mono: successfully reloaded assembly
- Completed reload, in  2.274 seconds
Platform modules already initialized, skipping
Registering precompiled user dll's ...
Registered in 0.007411 seconds.
Begin MonoManager ReloadAssembly
Native extension for WindowsStandalone target not found
Refreshing native plugins compatible for Editor in 72.49 ms, found 3 plugins.
Preloading 0 native plugins for Editor in 0.00 ms.
Mono: successfully reloaded assembly
- Completed reload, in  1.878 seconds
Platform modules already initialized, skipping
========================================================================
Worker process is ready to serve import requests
Launched and connected shader compiler UnityShaderCompiler.exe after 0.09 seconds
Refreshing native plugins compatible for Editor in 1.90 ms, found 3 plugins.
Preloading 0 native plugins for Editor in 0.00 ms.
Unloading 2104 Unused Serialized files (Serialized files now loaded: 0)
System memory in use before: 96.3 MB.
System memory in use after: 96.4 MB.

Unloading 28 unused Assets to reduce memory usage. Loaded Objects now: 2546.
Total: 4.870500 ms (FindLiveObjects: 0.540400 ms CreateObjectMapping: 0.251700 ms MarkObjects: 3.917400 ms  DeleteObjects: 0.158500 ms)

AssetImportParameters requested are different than current active one (requested -> active):
  custom:framework-win-MediaFoundation: 216162199b28c13a410421893ffa2e32 -> 
  custom:video-decoder-ogg-theora: a1e56fd34408186e4bbccfd4996cb3dc -> 
  custom:container-muxer-webm: aa71ff27fc2769a1b78a27578f13a17b -> 
  custom:container-demuxer-webm: 4f35f7cbe854078d1ac9338744f61a02 -> 
  custom:container-demuxer-ogg: 62fdf1f143b41e24485cea50d1cbac27 -> 
  custom:video-encoder-webm-vp8: eb34c28f22e8b96e1ab97ce403110664 -> 
  custom:video-decoder-webm-vp8: 9c59270c3fd7afecdb556c50c9e8de78 -> 
  custom:audio-decoder-ogg-vorbis: bf7c407c2cedff20999df2af8eb42d56 -> 
  custom:audio-encoder-webm-vorbis: bf7c407c2cedff20999df2af8eb42d56 -> 
========================================================================
Received Import Request.
  path: Assets/Scenes/Stage1 (1).unity
  artifactKey: Guid(e50a31c655be23b4498ebe2d9f07f629) Importer(815301076,1909f56bfc062723c751e8b465ee728b)
Start importing Assets/Scenes/Stage1 (1).unity using Guid(e50a31c655be23b4498ebe2d9f07f629) Importer(815301076,1909f56bfc062723c751e8b465ee728b)  -> (artifact id: 'ffe19b224623bfcde9f72c878eb1951c') in 0.049970 seconds 
  Import took 0.061220 seconds .

========================================================================
Received Prepare
Refreshing native plugins compatible for Editor in 8.14 ms, found 3 plugins.
Preloading 0 native plugins for Editor in 0.00 ms.
Unloading 15 Unused Serialized files (Serialized files now loaded: 0)
System memory in use before: 54.6 MB.
System memory in use after: 54.7 MB.

Unloading 14 unused Assets to reduce memory usage. Loaded Objects now: 2546.
Total: 3.353900 ms (FindLiveObjects: 0.287400 ms CreateObjectMapping: 0.106700 ms MarkObjects: 2.940600 ms  DeleteObjects: 0.018000 ms)

AssetImportParameters requested are different than current active one (requested -> active):
  custom:framework-win-MediaFoundation: 216162199b28c13a410421893ffa2e32 -> 
  custom:video-decoder-ogg-theora: a1e56fd34408186e4bbccfd4996cb3dc -> 
  custom:container-muxer-webm: aa71ff27fc2769a1b78a27578f13a17b -> 
  custom:container-demuxer-webm: 4f35f7cbe854078d1ac9338744f61a02 -> 
  custom:container-demuxer-ogg: 62fdf1f143b41e24485cea50d1cbac27 -> 
  custom:video-encoder-webm-vp8: eb34c28f22e8b96e1ab97ce403110664 -> 
  custom:video-decoder-webm-vp8: 9c59270c3fd7afecdb556c50c9e8de78 -> 
  custom:audio-decoder-ogg-vorbis: bf7c407c2cedff20999df2af8eb42d56 -> 
  custom:audio-encoder-webm-vorbis: bf7c407c2cedff20999df2af8eb42d56 -> 
========================================================================
Received Prepare
Registering precompiled user dll's ...
Registered in 0.004744 seconds.
Begin MonoManager ReloadAssembly
Native extension for WindowsStandalone target not found
Refreshing native plugins compatible for Editor in 0.43 ms, found 3 plugins.
Preloading 0 native plugins for Editor in 0.00 ms.
Mono: successfully reloaded assembly
- Completed reload, in  0.974 seconds
Platform modules already initialized, skipping
Refreshing native plugins compatible for Editor in 0.45 ms, found 3 plugins.
Preloading 0 native plugins for Editor in 0.00 ms.
Unloading 2095 Unused Serialized files (Serialized files now loaded: 0)
System memory in use before: 95.9 MB.
System memory in use after: 96.0 MB.

Unloading 17 unused Assets to reduce memory usage. Loaded Objects now: 2549.
Total: 2.557200 ms (FindLiveObjects: 0.190600 ms CreateObjectMapping: 0.071300 ms MarkObjects: 2.278000 ms  DeleteObjects: 0.016500 ms)

AssetImportParameters requested are different than current active one (requested -> active):
  custom:framework-win-MediaFoundation: 216162199b28c13a410421893ffa2e32 -> 
  custom:video-decoder-ogg-theora: a1e56fd34408186e4bbccfd4996cb3dc -> 
  custom:container-muxer-webm: aa71ff27fc2769a1b78a27578f13a17b -> 
  custom:container-demuxer-webm: 4f35f7cbe854078d1ac9338744f61a02 -> 
  custom:container-demuxer-ogg: 62fdf1f143b41e24485cea50d1cbac27 -> 
  custom:video-encoder-webm-vp8: eb34c28f22e8b96e1ab97ce403110664 -> 
  custom:video-decoder-webm-vp8: 9c59270c3fd7afecdb556c50c9e8de78 -> 
  custom:audio-decoder-ogg-vorbis: bf7c407c2cedff20999df2af8eb42d56 -> 
  custom:audio-encoder-webm-vorbis: bf7c407c2cedff20999df2af8eb42d56 -> 
========================================================================
Received Import Request.
  Time since last request: 185.012755 seconds.
  path: Assets/Prefab/BackGroundDown.prefab
  artifactKey: Guid(45d174c7e1afb584aab311aa0bd39f09) Importer(815301076,1909f56bfc062723c751e8b465ee728b)
Start importing Assets/Prefab/BackGroundDown.prefab using Guid(45d174c7e1afb584aab311aa0bd39f09) Importer(815301076,1909f56bfc062723c751e8b465ee728b)  -> (artifact id: 'e05a027545e7607a3383cd960fb6c515') in 0.248460 seconds 
  Import took 0.256678 seconds .

========================================================================
Received Import Request.
  Time since last request: 0.000483 seconds.
  path: Assets/Prefab/Canvas.prefab
  artifactKey: Guid(e3fadba59d5bd3443ac9a471bd4b400b) Importer(815301076,1909f56bfc062723c751e8b465ee728b)
Start importing Assets/Prefab/Canvas.prefab using Guid(e3fadba59d5bd3443ac9a471bd4b400b) Importer(815301076,1909f56bfc062723c751e8b465ee728b)  -> (artifact id: 'd77a51dd8c275297f71f1213642d3d61') in 0.056287 seconds 
  Import took 0.062501 seconds .

========================================================================
Received Import Request.
  Time since last request: 0.000409 seconds.
  path: Assets/Prefab/Player2.prefab
  artifactKey: Guid(4f94a9d27c97f064cadb351c513a484b) Importer(815301076,1909f56bfc062723c751e8b465ee728b)
Start importing Assets/Prefab/Player2.prefab using Guid(4f94a9d27c97f064cadb351c513a484b) Importer(815301076,1909f56bfc062723c751e8b465ee728b)  -> (artifact id: '4abd8a18841a41814c5247830ea5f5c1') in 0.041309 seconds 
  Import took 0.049269 seconds .

========================================================================
Received Import Request.
  Time since last request: 0.000636 seconds.
  path: Assets/Prefab/GoalPoint1.prefab
  artifactKey: Guid(61492908941e6d041bdceebf911ad04b) Importer(815301076,1909f56bfc062723c751e8b465ee728b)
Start importing Assets/Prefab/GoalPoint1.prefab using Guid(61492908941e6d041bdceebf911ad04b) Importer(815301076,1909f56bfc062723c751e8b465ee728b)  -> (artifact id: '2252d699ec7266571d28372b965df3ea') in 0.059291 seconds 
  Import took 0.071719 seconds .

========================================================================
Received Import Request.
  Time since last request: 0.000575 seconds.
  path: Assets/Prefab/StarA.prefab
  artifactKey: Guid(455d2656154923949af1dde35c22d4b4) Importer(815301076,1909f56bfc062723c751e8b465ee728b)
Start importing Assets/Prefab/StarA.prefab using Guid(455d2656154923949af1dde35c22d4b4) Importer(815301076,1909f56bfc062723c751e8b465ee728b)  -> (artifact id: '84258e04f41ba535b393697dc7a24ca6') in 0.040176 seconds 
  Import took 0.054161 seconds .

========================================================================
Received Import Request.
  Time since last request: 0.000652 seconds.
  path: Assets/Prefab/BackGroundUp.prefab
  artifactKey: Guid(788cc5950077d2d4d9ac90b1390022fc) Importer(815301076,1909f56bfc062723c751e8b465ee728b)
Start importing Assets/Prefab/BackGroundUp.prefab using Guid(788cc5950077d2d4d9ac90b1390022fc) Importer(815301076,1909f56bfc062723c751e8b465ee728b)  -> (artifact id: 'b3f7c5b1de72c1c44f924cfd4967755a') in 0.049715 seconds 
  Import took 0.058821 seconds .

========================================================================
Received Import Request.
  Time since last request: 0.000614 seconds.
  path: Assets/Prefab/SSGround1.prefab
  artifactKey: Guid(c059b4400c0480742ba79d6ebc8799f8) Importer(815301076,1909f56bfc062723c751e8b465ee728b)
Start importing Assets/Prefab/SSGround1.prefab using Guid(c059b4400c0480742ba79d6ebc8799f8) Importer(815301076,1909f56bfc062723c751e8b465ee728b)  -> (artifact id: 'ff734f1e6f459e4f4194db832645dbef') in 0.044158 seconds 
  Import took 0.053459 seconds .

========================================================================
Received Import Request.
  Time since last request: 0.000402 seconds.
  path: Assets/Prefab/Player.prefab
  artifactKey: Guid(885fb0ad27c51cf4cb1bee5aa7209bbb) Importer(815301076,1909f56bfc062723c751e8b465ee728b)
Start importing Assets/Prefab/Player.prefab using Guid(885fb0ad27c51cf4cb1bee5aa7209bbb) Importer(815301076,1909f56bfc062723c751e8b465ee728b)  -> (artifact id: '0b901ca4985998717b5f61a0b36f6327') in 0.033087 seconds 
  Import took 0.039302 seconds .

========================================================================
Received Import Request.
  Time since last request: 0.000355 seconds.
  path: Assets/Prefab/CheckPoint.prefab
  artifactKey: Guid(f542947b2fd3ded43bec0f2a26dd2c53) Importer(815301076,1909f56bfc062723c751e8b465ee728b)
Start importing Assets/Prefab/CheckPoint.prefab using Guid(f542947b2fd3ded43bec0f2a26dd2c53) Importer(815301076,1909f56bfc062723c751e8b465ee728b)  -> (artifact id: '701535cf310690e9873ea2e67b5af5e1') in 0.028801 seconds 
  Import took 0.036243 seconds .

========================================================================
Received Import Request.
  Time since last request: 0.000434 seconds.
  path: Assets/Prefab/SSWall5 (2).prefab
  artifactKey: Guid(1ccb2803a9cd4dc42b9a08bc88153d2a) Importer(815301076,1909f56bfc062723c751e8b465ee728b)
Start importing Assets/Prefab/SSWall5 (2).prefab using Guid(1ccb2803a9cd4dc42b9a08bc88153d2a) Importer(815301076,1909f56bfc062723c751e8b465ee728b)  -> (artifact id: 'e94ce9be54ce911cc2be3eaada76c183') in 0.019220 seconds 
  Import took 0.026696 seconds .

========================================================================
Received Import Request.
  Time since last request: 0.000409 seconds.
  path: Assets/Prefab/SSWall9.prefab
  artifactKey: Guid(eb3cc22a5ae4b0e40b3bb2a758e7a11e) Importer(815301076,1909f56bfc062723c751e8b465ee728b)
Start importing Assets/Prefab/SSWall9.prefab using Guid(eb3cc22a5ae4b0e40b3bb2a758e7a11e) Importer(815301076,1909f56bfc062723c751e8b465ee728b)  -> (artifact id: 'c17927b5cdcd77a919428f9d0e9f15b4') in 0.017297 seconds 
  Import took 0.023252 seconds .

========================================================================
Received Import Request.
  Time since last request: 0.000407 seconds.
  path: Assets/Prefab/SSThorn.prefab
  artifactKey: Guid(372605f16e8c59a4c97f02548e849bec) Importer(815301076,1909f56bfc062723c751e8b465ee728b)
Start importing Assets/Prefab/SSThorn.prefab using Guid(372605f16e8c59a4c97f02548e849bec) Importer(815301076,1909f56bfc062723c751e8b465ee728b)  -> (artifact id: 'adade9d57072e4a0638ef8d694c0e829') in 0.016981 seconds 
  Import took 0.026389 seconds .

========================================================================
Received Import Request.
  Time since last request: 0.000661 seconds.
  path: Assets/Prefab/BGMController.prefab
  artifactKey: Guid(a90c5fa6617dd2045a83bf4bca571015) Importer(815301076,1909f56bfc062723c751e8b465ee728b)
Start importing Assets/Prefab/BGMController.prefab using Guid(a90c5fa6617dd2045a83bf4bca571015) Importer(815301076,1909f56bfc062723c751e8b465ee728b)  -> (artifact id: '52631888f08dc7b5d05ddbb65c0b5c28') in 0.020327 seconds 
  Import took 0.027575 seconds .

========================================================================
Received Import Request.
  Time since last request: 0.017212 seconds.
  path: Assets/Prefab/SSThorn.prefab
  artifactKey: Guid(372605f16e8c59a4c97f02548e849bec) Importer(815301076,1909f56bfc062723c751e8b465ee728b)
Start importing Assets/Prefab/SSThorn.prefab using Guid(372605f16e8c59a4c97f02548e849bec) Importer(815301076,1909f56bfc062723c751e8b465ee728b)  -> (artifact id: 'adade9d57072e4a0638ef8d694c0e829') in 0.007123 seconds 
  Import took 0.010987 seconds .

========================================================================
Received Import Request.
  Time since last request: 3.397922 seconds.
  path: Assets/Materials/dirt stones eary yellow.mat
  artifactKey: Guid(9bd071f18f91dd741bdacc698e064776) Importer(815301076,1909f56bfc062723c751e8b465ee728b)
Start importing Assets/Materials/dirt stones eary yellow.mat using Guid(9bd071f18f91dd741bdacc698e064776) Importer(815301076,1909f56bfc062723c751e8b465ee728b)  -> (artifact id: 'dbcd54e24edf90bf4fdf076ee3f15c12') in 0.526394 seconds 
  Import took 0.534224 seconds .

========================================================================
Received Import Request.
  Time since last request: 0.000714 seconds.
  path: Assets/Materials/leafs.mat
  artifactKey: Guid(7c01593c5d37ef04ab1b92759468326e) Importer(815301076,1909f56bfc062723c751e8b465ee728b)
Start importing Assets/Materials/leafs.mat using Guid(7c01593c5d37ef04ab1b92759468326e) Importer(815301076,1909f56bfc062723c751e8b465ee728b)  -> (artifact id: '0c1e6b4eb0bcdc37b4879afc2cc74d57') in 0.053782 seconds 
  Import took 0.064373 seconds .

========================================================================
Received Import Request.
  Time since last request: 0.000449 seconds.
  path: Assets/Materials/dirt stones.mat
  artifactKey: Guid(7797c77125dfe0e489d0745582f6802c) Importer(815301076,1909f56bfc062723c751e8b465ee728b)
Start importing Assets/Materials/dirt stones.mat using Guid(7797c77125dfe0e489d0745582f6802c) Importer(815301076,1909f56bfc062723c751e8b465ee728b)  -> (artifact id: '391615d436b8a5e8fd6702679cc3d06c') in 0.033119 seconds 
  Import took 0.042226 seconds .

========================================================================
Received Import Request.
  Time since last request: 0.000458 seconds.
  path: Assets/Materials/sand stones.mat
  artifactKey: Guid(8ddb7669be2264b4dacc1af3768b5064) Importer(815301076,1909f56bfc062723c751e8b465ee728b)
Start importing Assets/Materials/sand stones.mat using Guid(8ddb7669be2264b4dacc1af3768b5064) Importer(815301076,1909f56bfc062723c751e8b465ee728b)  -> (artifact id: '4cac0486b828a2f20070af3b845edb2c') in 0.029581 seconds 
  Import took 0.035449 seconds .

========================================================================
Received Import Request.
  Time since last request: 0.000296 seconds.
  path: Assets/Materials/ice.mat
  artifactKey: Guid(b9911c316577bcb4a9d51d0304cbe870) Importer(815301076,1909f56bfc062723c751e8b465ee728b)
Start importing Assets/Materials/ice.mat using Guid(b9911c316577bcb4a9d51d0304cbe870) Importer(815301076,1909f56bfc062723c751e8b465ee728b)  -> (artifact id: 'adde5c528e53b7537dbf7ae79d5fb116') in 0.019730 seconds 
  Import took 0.025030 seconds .

========================================================================
Received Import Request.
  Time since last request: 0.000304 seconds.
  path: Assets/Materials/granit grass.mat
  artifactKey: Guid(1b82fdb2e69b48d479b5ecf9b393dc4d) Importer(815301076,1909f56bfc062723c751e8b465ee728b)
Start importing Assets/Materials/granit grass.mat using Guid(1b82fdb2e69b48d479b5ecf9b393dc4d) Importer(815301076,1909f56bfc062723c751e8b465ee728b)  -> (artifact id: '2fa30c2cdb3a78f7c4da547272dd2afb') in 0.023298 seconds 
  Import took 0.027989 seconds .

========================================================================
Received Import Request.
  Time since last request: 0.000270 seconds.
  path: Assets/Materials/Ice blue.mat
  artifactKey: Guid(03c120be0b710fe4fac71ad0b3da801c) Importer(815301076,1909f56bfc062723c751e8b465ee728b)
Start importing Assets/Materials/Ice blue.mat using Guid(03c120be0b710fe4fac71ad0b3da801c) Importer(815301076,1909f56bfc062723c751e8b465ee728b)  -> (artifact id: 'd562ffa669c91355da0588ceb430e817') in 0.017831 seconds 
  Import took 0.022163 seconds .

========================================================================
Received Import Request.
  Time since last request: 0.000260 seconds.
  path: Assets/Materials/lava.mat
  artifactKey: Guid(070cfb5b6917f97479e8712b8a574d91) Importer(815301076,1909f56bfc062723c751e8b465ee728b)
Start importing Assets/Materials/lava.mat using Guid(070cfb5b6917f97479e8712b8a574d91) Importer(815301076,1909f56bfc062723c751e8b465ee728b)  -> (artifact id: '879306e11db506bb2878985257232420') in 0.016128 seconds 
  Import took 0.020685 seconds .

========================================================================
Received Import Request.
  Time since last request: 0.000305 seconds.
  path: Assets/Materials/dirt stones leafs more.mat
  artifactKey: Guid(3c23ddaba6ee80d4ab735e3fe15cc3cf) Importer(815301076,1909f56bfc062723c751e8b465ee728b)
Start importing Assets/Materials/dirt stones leafs more.mat using Guid(3c23ddaba6ee80d4ab735e3fe15cc3cf) Importer(815301076,1909f56bfc062723c751e8b465ee728b)  -> (artifact id: 'bdc1b9cd86652c4de1e3d800261cf76d') in 0.017490 seconds 
  Import took 0.021309 seconds .

========================================================================
Received Import Request.
  Time since last request: 0.000308 seconds.
  path: Assets/Materials/dirt stones leafs.mat
  artifactKey: Guid(34d33e780160ffc42b9e1e984edd8e09) Importer(815301076,1909f56bfc062723c751e8b465ee728b)
Start importing Assets/Materials/dirt stones leafs.mat using Guid(34d33e780160ffc42b9e1e984edd8e09) Importer(815301076,1909f56bfc062723c751e8b465ee728b)  -> (artifact id: 'b12e07606f874f9ee0a4f07766bdc6cc') in 0.014663 seconds 
  Import took 0.019410 seconds .

========================================================================
Received Import Request.
  Time since last request: 0.000265 seconds.
  path: Assets/Image/スライム.png
  artifactKey: Guid(92814850d59522c4a8d519c0062c10e0) Importer(815301076,1909f56bfc062723c751e8b465ee728b)
Start importing Assets/Image/スライム.png using Guid(92814850d59522c4a8d519c0062c10e0) Importer(815301076,1909f56bfc062723c751e8b465ee728b)  -> (artifact id: '807418d70526fb86b50135e440c27b57') in 0.075904 seconds 
  Import took 0.081043 seconds .

========================================================================
Received Import Request.
  Time since last request: 0.000274 seconds.
  path: Assets/Image/異世界のカケラ敵.png
  artifactKey: Guid(eea16323772ba36458dd71278ad3ce71) Importer(815301076,1909f56bfc062723c751e8b465ee728b)
Start importing Assets/Image/異世界のカケラ敵.png using Guid(eea16323772ba36458dd71278ad3ce71) Importer(815301076,1909f56bfc062723c751e8b465ee728b)  -> (artifact id: '7734729e67c96eaca4d97ddf13119b4b') in 0.020408 seconds 
  Import took 0.025420 seconds .

========================================================================
Received Import Request.
  Time since last request: 0.000258 seconds.
  path: Assets/Image/walk1.png
  artifactKey: Guid(6c4705d512e7b5345a9ed533385c19ab) Importer(815301076,1909f56bfc062723c751e8b465ee728b)
Start importing Assets/Image/walk1.png using Guid(6c4705d512e7b5345a9ed533385c19ab) Importer(815301076,1909f56bfc062723c751e8b465ee728b)  -> (artifact id: '90b117a08b997eb95e889b2514c0ff94') in 0.017459 seconds 
  Import took 0.021515 seconds .

========================================================================
Received Import Request.
  Time since last request: 0.000206 seconds.
  path: Assets/Image/IMG_9070.PNG
  artifactKey: Guid(7ca8c8db59389b24082f2c6d4f11e5dc) Importer(815301076,1909f56bfc062723c751e8b465ee728b)
Start importing Assets/Image/IMG_9070.PNG using Guid(7ca8c8db59389b24082f2c6d4f11e5dc) Importer(815301076,1909f56bfc062723c751e8b465ee728b)  -> (artifact id: '7b577f47312ffe2273f5eafa84a3717a') in 0.023123 seconds 
  Import took 0.027329 seconds .

========================================================================
Received Import Request.
  Time since last request: 0.000247 seconds.
  path: Assets/Image/illustrain02-hatyuruiryoseirui09.png
  artifactKey: Guid(7e983e52906ba0d44920455c51998dbf) Importer(815301076,1909f56bfc062723c751e8b465ee728b)
Start importing Assets/Image/illustrain02-hatyuruiryoseirui09.png using Guid(7e983e52906ba0d44920455c51998dbf) Importer(815301076,1909f56bfc062723c751e8b465ee728b)  -> (artifact id: '39c3cc02bc5f2aef413df46799688b3b') in 0.026442 seconds 
  Import took 0.030363 seconds .

========================================================================
Received Import Request.
  Time since last request: 0.000203 seconds.
  path: Assets/Image/レーザー 1.png
  artifactKey: Guid(190d80a3bfc43fd458dd3f5bd807845d) Importer(815301076,1909f56bfc062723c751e8b465ee728b)
Start importing Assets/Image/レーザー 1.png using Guid(190d80a3bfc43fd458dd3f5bd807845d) Importer(815301076,1909f56bfc062723c751e8b465ee728b)  -> (artifact id: '76d86f86a357c1feeffd210df887e43e') in 0.016642 seconds 
  Import took 0.020828 seconds .

========================================================================
Received Import Request.
  Time since last request: 0.000263 seconds.
  path: Assets/Image/walk2.png
  artifactKey: Guid(a86062654deafe741ad0311863c86327) Importer(815301076,1909f56bfc062723c751e8b465ee728b)
Start importing Assets/Image/walk2.png using Guid(a86062654deafe741ad0311863c86327) Importer(815301076,1909f56bfc062723c751e8b465ee728b)  -> (artifact id: 'd450878f8fcc60502ba4d55365f25acf') in 0.023257 seconds 
  Import took 0.027482 seconds .

========================================================================
Received Import Request.
  Time since last request: 0.000315 seconds.
  path: Assets/Image/illustrain02-hatyuruiryoseirui08.png
  artifactKey: Guid(09e15c056e1f7114eb47b281f444ea86) Importer(815301076,1909f56bfc062723c751e8b465ee728b)
Start importing Assets/Image/illustrain02-hatyuruiryoseirui08.png using Guid(09e15c056e1f7114eb47b281f444ea86) Importer(815301076,1909f56bfc062723c751e8b465ee728b)  -> (artifact id: '5976247dd3160122b4a2bf64b3f8c611') in 0.017886 seconds 
  Import took 0.022642 seconds .

========================================================================
Received Import Request.
  Time since last request: 0.000182 seconds.
  path: Assets/Image/illustrain10-syokubutu19.png
  artifactKey: Guid(4c2c990aa82358c4fb1245576e9a1d23) Importer(815301076,1909f56bfc062723c751e8b465ee728b)
Start importing Assets/Image/illustrain10-syokubutu19.png using Guid(4c2c990aa82358c4fb1245576e9a1d23) Importer(815301076,1909f56bfc062723c751e8b465ee728b)  -> (artifact id: '0209b65f9095a861650d38ac14e12984') in 0.016448 seconds 
  Import took 0.020347 seconds .

========================================================================
Received Import Request.
  Time since last request: 0.000332 seconds.
  path: Assets/Image/illustrain02-hatyuruiryoseirui07.png
  artifactKey: Guid(6f245e8bb69c4aa4b971f8281e3dd887) Importer(815301076,1909f56bfc062723c751e8b465ee728b)
Start importing Assets/Image/illustrain02-hatyuruiryoseirui07.png using Guid(6f245e8bb69c4aa4b971f8281e3dd887) Importer(815301076,1909f56bfc062723c751e8b465ee728b)  -> (artifact id: '8d06b62f075d155bb8ac8da421c0fae7') in 0.018113 seconds 
  Import took 0.022450 seconds .

========================================================================
Received Import Request.
  Time since last request: 0.000278 seconds.
  path: Assets/Image/レーザー.png
  artifactKey: Guid(77b6d1da1d989a64287ad28c77f82160) Importer(815301076,1909f56bfc062723c751e8b465ee728b)
Start importing Assets/Image/レーザー.png using Guid(77b6d1da1d989a64287ad28c77f82160) Importer(815301076,1909f56bfc062723c751e8b465ee728b)  -> (artifact id: '69d127cdf99e3d48b4998ce2283dee09') in 0.014847 seconds 
  Import took 0.019502 seconds .

========================================================================
Received Import Request.
  Time since last request: 0.000183 seconds.
  path: Assets/Materials/grey dirt stones.mat
  artifactKey: Guid(92adbfb1e43450642ab97c7714f1bc81) Importer(815301076,1909f56bfc062723c751e8b465ee728b)
Start importing Assets/Materials/grey dirt stones.mat using Guid(92adbfb1e43450642ab97c7714f1bc81) Importer(815301076,1909f56bfc062723c751e8b465ee728b)  -> (artifact id: '3421b3c8e3cc579fee188d3ed647583e') in 0.017733 seconds 
  Import took 0.021653 seconds .

========================================================================
Received Import Request.
  Time since last request: 0.000247 seconds.
  path: Assets/Materials/leafs dark.mat
  artifactKey: Guid(5eaee087cbd566e4399a5039402570ae) Importer(815301076,1909f56bfc062723c751e8b465ee728b)
Start importing Assets/Materials/leafs dark.mat using Guid(5eaee087cbd566e4399a5039402570ae) Importer(815301076,1909f56bfc062723c751e8b465ee728b)  -> (artifact id: 'ef94dc577ac3b2c16f124aa659c51ea3') in 0.018135 seconds 
  Import took 0.022285 seconds .

========================================================================
Received Import Request.
  Time since last request: 0.000289 seconds.
  path: Assets/Image/nc106215.png
  artifactKey: Guid(8f784b7ab11e5794cbce2787f67e797e) Importer(815301076,1909f56bfc062723c751e8b465ee728b)
Start importing Assets/Image/nc106215.png using Guid(8f784b7ab11e5794cbce2787f67e797e) Importer(815301076,1909f56bfc062723c751e8b465ee728b)  -> (artifact id: '113fa516ed5f4a750f1c772a99414374') in 0.022510 seconds 
  Import took 0.027019 seconds .

========================================================================
Received Import Request.
  Time since last request: 0.000208 seconds.
  path: Assets/Image/ひよこ.jpg
  artifactKey: Guid(5ae92d7d56b38ed4ea6c84cff9be6282) Importer(815301076,1909f56bfc062723c751e8b465ee728b)
Start importing Assets/Image/ひよこ.jpg using Guid(5ae92d7d56b38ed4ea6c84cff9be6282) Importer(815301076,1909f56bfc062723c751e8b465ee728b)  -> (artifact id: 'e332aec418619db3492d98c44477d7aa') in 0.023567 seconds 
  Import took 0.027464 seconds .

========================================================================
Received Import Request.
  Time since last request: 12.791492 seconds.
  path: Assets/Momo/2021.05.07
  artifactKey: Guid(7a7c4e2e8a71f3d4f832e401cc5e9399) Importer(815301076,1909f56bfc062723c751e8b465ee728b)
Start importing Assets/Momo/2021.05.07 using Guid(7a7c4e2e8a71f3d4f832e401cc5e9399) Importer(815301076,1909f56bfc062723c751e8b465ee728b)  -> (artifact id: '2fde2ca3989f887423c78385897a906c') in 0.006999 seconds 
  Import took 0.010759 seconds .

========================================================================
Received Import Request.
  Time since last request: 0.088871 seconds.
  path: Assets/Momo/2021.05.07/Canvas.prefab
  artifactKey: Guid(cbbe70cbad9fb46488ba6b5d5a1c825b) Importer(815301076,1909f56bfc062723c751e8b465ee728b)
Start importing Assets/Momo/2021.05.07/Canvas.prefab using Guid(cbbe70cbad9fb46488ba6b5d5a1c825b) Importer(815301076,1909f56bfc062723c751e8b465ee728b)  -> (artifact id: '769bd0a9d122e273eaa4b25af02a3f6d') in 0.005191 seconds 
  Import took 0.009973 seconds .

========================================================================
Received Import Request.
  Time since last request: 0.000356 seconds.
  path: Assets/Momo/2021.05.07/GameObject.prefab
  artifactKey: Guid(499cd82c3a7582f4c98fb669465932f6) Importer(815301076,1909f56bfc062723c751e8b465ee728b)
Start importing Assets/Momo/2021.05.07/GameObject.prefab using Guid(499cd82c3a7582f4c98fb669465932f6) Importer(815301076,1909f56bfc062723c751e8b465ee728b)  -> (artifact id: '1a78966d4fde5f9278cb347655711e94') in 0.009569 seconds 
  Import took 0.013474 seconds .

========================================================================
Received Import Request.
  Time since last request: 0.000341 seconds.
  path: Assets/Momo/2021.05.07/illustrain10-syokubutu19.png
  artifactKey: Guid(e1995a5a58f8b984f8c0eaa404edd009) Importer(815301076,1909f56bfc062723c751e8b465ee728b)
Start importing Assets/Momo/2021.05.07/illustrain10-syokubutu19.png using Guid(e1995a5a58f8b984f8c0eaa404edd009) Importer(815301076,1909f56bfc062723c751e8b465ee728b)  -> (artifact id: '61b9a722d4b9e339ce9b66ff32d88e99') in 0.016676 seconds 
  Import took 0.021219 seconds .

========================================================================
Received Import Request.
  Time since last request: 0.000320 seconds.
  path: Assets/Momo/2021.05.07/Enemy.prefab
  artifactKey: Guid(cf4b203825baf2a40b8fce5b14f60f64) Importer(815301076,1909f56bfc062723c751e8b465ee728b)
Start importing Assets/Momo/2021.05.07/Enemy.prefab using Guid(cf4b203825baf2a40b8fce5b14f60f64) Importer(815301076,1909f56bfc062723c751e8b465ee728b)  -> (artifact id: '46ab40a8ec3139f6054d28ac33cc13e0') in 0.018140 seconds 
  Import took 0.022477 seconds .

========================================================================
Received Import Request.
  Time since last request: 0.000284 seconds.
  path: Assets/Momo/2021.05.07/CheckPoint.prefab
  artifactKey: Guid(349245b0ca19fd54d92be942da2170f3) Importer(815301076,1909f56bfc062723c751e8b465ee728b)
Start importing Assets/Momo/2021.05.07/CheckPoint.prefab using Guid(349245b0ca19fd54d92be942da2170f3) Importer(815301076,1909f56bfc062723c751e8b465ee728b)  -> (artifact id: '9a1d406e2a99cfa52200fc486bead4cd') in 0.014271 seconds 
  Import took 0.018636 seconds .

========================================================================
Received Import Request.
  Time since last request: 12.309487 seconds.
  path: Assets/Prefab/Momo/Beam.prefab
  artifactKey: Guid(3ceba1a7ef6d4df42add0fb6fbc932b7) Importer(815301076,1909f56bfc062723c751e8b465ee728b)
Start importing Assets/Prefab/Momo/Beam.prefab using Guid(3ceba1a7ef6d4df42add0fb6fbc932b7) Importer(815301076,1909f56bfc062723c751e8b465ee728b)  -> (artifact id: '8f986ffae3fda0bba1fe90a505386307') in 0.020237 seconds 
  Import took 0.024671 seconds .

========================================================================
Received Import Request.
  Time since last request: 0.000368 seconds.
  path: Assets/Prefab/Momo/Enemy (1).prefab
  artifactKey: Guid(d3baac07d5ce3b14391bdd35ebc6bd79) Importer(815301076,1909f56bfc062723c751e8b465ee728b)
Start importing Assets/Prefab/Momo/Enemy (1).prefab using Guid(d3baac07d5ce3b14391bdd35ebc6bd79) Importer(815301076,1909f56bfc062723c751e8b465ee728b)  -> (artifact id: '951fc3f6cda26b0806eb90a699ec1b85') in 0.019463 seconds 
  Import took 0.024605 seconds .

========================================================================
Received Import Request.
  Time since last request: 0.000310 seconds.
  path: Assets/Prefab/Momo/Particle System.prefab
  artifactKey: Guid(ed530aaeca02b324e902ec9fc536362b) Importer(815301076,1909f56bfc062723c751e8b465ee728b)
Start importing Assets/Prefab/Momo/Particle System.prefab using Guid(ed530aaeca02b324e902ec9fc536362b) Importer(815301076,1909f56bfc062723c751e8b465ee728b)  -> (artifact id: '819b7fdd32e5eb60e6779fa5277b0b8b') in 0.010440 seconds 
  Import took 0.014661 seconds .

========================================================================
Received Import Request.
  Time since last request: 0.000350 seconds.
  path: Assets/Prefab/Momo/Enemy (1).prefab
  artifactKey: Guid(d3baac07d5ce3b14391bdd35ebc6bd79) Importer(815301076,1909f56bfc062723c751e8b465ee728b)
Start importing Assets/Prefab/Momo/Enemy (1).prefab using Guid(d3baac07d5ce3b14391bdd35ebc6bd79) Importer(815301076,1909f56bfc062723c751e8b465ee728b)  -> (artifact id: '951fc3f6cda26b0806eb90a699ec1b85') in 0.016035 seconds 
  Import took 0.020282 seconds .

========================================================================
Received Import Request.
  Time since last request: 0.000286 seconds.
  path: Assets/Prefab/Momo/Particle System.prefab
  artifactKey: Guid(ed530aaeca02b324e902ec9fc536362b) Importer(815301076,1909f56bfc062723c751e8b465ee728b)
Start importing Assets/Prefab/Momo/Particle System.prefab using Guid(ed530aaeca02b324e902ec9fc536362b) Importer(815301076,1909f56bfc062723c751e8b465ee728b)  -> (artifact id: '819b7fdd32e5eb60e6779fa5277b0b8b') in 0.004306 seconds 
  Import took 0.008388 seconds .

========================================================================
Received Import Request.
  Time since last request: 7.776984 seconds.
  path: Assets/Textures/dirt stones eary yellow.tga
  artifactKey: Guid(2f1151f3b40e6524781ab276955c84f7) Importer(815301076,1909f56bfc062723c751e8b465ee728b)
Start importing Assets/Textures/dirt stones eary yellow.tga using Guid(2f1151f3b40e6524781ab276955c84f7) Importer(815301076,1909f56bfc062723c751e8b465ee728b)  -> (artifact id: 'adf6bc3ab1a78fb696c8107c49616d16') in 0.022065 seconds 
  Import took 0.026309 seconds .

========================================================================
Received Import Request.
  Time since last request: 0.000392 seconds.
  path: Assets/Textures/grey dirt stones.tga
  artifactKey: Guid(c08fe9ac588ebb84a8585f482865c8ca) Importer(815301076,1909f56bfc062723c751e8b465ee728b)
Start importing Assets/Textures/grey dirt stones.tga using Guid(c08fe9ac588ebb84a8585f482865c8ca) Importer(815301076,1909f56bfc062723c751e8b465ee728b)  -> (artifact id: 'b7829a77e1784090c50d74fdaa691cd8') in 0.014283 seconds 
  Import took 0.018794 seconds .

========================================================================
Received Import Request.
  Time since last request: 0.000302 seconds.
  path: Assets/Textures/dirt stones leafs more.tga
  artifactKey: Guid(34168fb545d6ce04cb769914df686e0a) Importer(815301076,1909f56bfc062723c751e8b465ee728b)
Start importing Assets/Textures/dirt stones leafs more.tga using Guid(34168fb545d6ce04cb769914df686e0a) Importer(815301076,1909f56bfc062723c751e8b465ee728b)  -> (artifact id: '936d2bb73b2bc9a01ad32927d185251e') in 0.019502 seconds 
  Import took 0.023192 seconds .

========================================================================
Received Import Request.
  Time since last request: 0.000343 seconds.
  path: Assets/Textures/lava.tga
  artifactKey: Guid(76a41a9860261cb4e8ceda1c039f53dc) Importer(815301076,1909f56bfc062723c751e8b465ee728b)
Start importing Assets/Textures/lava.tga using Guid(76a41a9860261cb4e8ceda1c039f53dc) Importer(815301076,1909f56bfc062723c751e8b465ee728b)  -> (artifact id: '54e656a38dfc5b2b166e74eb791fb478') in 0.012437 seconds 
  Import took 0.016380 seconds .

========================================================================
Received Import Request.
  Time since last request: 0.000301 seconds.
  path: Assets/Textures/ice.tga
  artifactKey: Guid(f024bd363932a77478281abf00186900) Importer(815301076,1909f56bfc062723c751e8b465ee728b)
Start importing Assets/Textures/ice.tga using Guid(f024bd363932a77478281abf00186900) Importer(815301076,1909f56bfc062723c751e8b465ee728b)  -> (artifact id: 'ccf004d8ebcb3c99451911e01aa02f94') in 0.013803 seconds 
  Import took 0.017586 seconds .

========================================================================
Received Import Request.
  Time since last request: 0.000300 seconds.
  path: Assets/Textures/Ice blue.tga
  artifactKey: Guid(11f3f024aa614454c8b24f3cbb2007f6) Importer(815301076,1909f56bfc062723c751e8b465ee728b)
Start importing Assets/Textures/Ice blue.tga using Guid(11f3f024aa614454c8b24f3cbb2007f6) Importer(815301076,1909f56bfc062723c751e8b465ee728b)  -> (artifact id: '53db55eb5a15d34946dbb32667f1c307') in 0.014935 seconds 
  Import took 0.018410 seconds .

========================================================================
Received Import Request.
  Time since last request: 0.000274 seconds.
  path: Assets/Textures/granit grass.tga
  artifactKey: Guid(371d4e337fe17074db2479c5930c0dbf) Importer(815301076,1909f56bfc062723c751e8b465ee728b)
Start importing Assets/Textures/granit grass.tga using Guid(371d4e337fe17074db2479c5930c0dbf) Importer(815301076,1909f56bfc062723c751e8b465ee728b)  -> (artifact id: '669a65f703845f586a69310b78101347') in 0.012908 seconds 
  Import took 0.016434 seconds .

========================================================================
Received Import Request.
  Time since last request: 0.000293 seconds.
  path: Assets/Textures/dirt stones.tga
  artifactKey: Guid(675cb6411f36989469f42a1a69297d71) Importer(815301076,1909f56bfc062723c751e8b465ee728b)
Start importing Assets/Textures/dirt stones.tga using Guid(675cb6411f36989469f42a1a69297d71) Importer(815301076,1909f56bfc062723c751e8b465ee728b)  -> (artifact id: 'cc31dee01643f6f044c6c7aab79a747e') in 0.011591 seconds 
  Import took 0.015122 seconds .

========================================================================
Received Import Request.
  Time since last request: 0.000292 seconds.
  path: Assets/Textures/dirt stones leafs.tga
  artifactKey: Guid(59163ccaf8e9a774b8340eca35f3f78d) Importer(815301076,1909f56bfc062723c751e8b465ee728b)
Start importing Assets/Textures/dirt stones leafs.tga using Guid(59163ccaf8e9a774b8340eca35f3f78d) Importer(815301076,1909f56bfc062723c751e8b465ee728b)  -> (artifact id: '50d536a9237f17e3d5d1c9ba90e7da24') in 0.012212 seconds 
  Import took 0.015657 seconds .

========================================================================
Received Import Request.
  Time since last request: 0.000315 seconds.
  path: Assets/Textures/leafs dark.tga
  artifactKey: Guid(189018b9bad320d4882f7b1010d12a55) Importer(815301076,1909f56bfc062723c751e8b465ee728b)
Start importing Assets/Textures/leafs dark.tga using Guid(189018b9bad320d4882f7b1010d12a55) Importer(815301076,1909f56bfc062723c751e8b465ee728b)  -> (artifact id: '7ac7e4d10a757f4893c058c496cdd14f') in 0.014895 seconds 
  Import took 0.018303 seconds .

========================================================================
Received Import Request.
  Time since last request: 0.000296 seconds.
  path: Assets/Textures/sand stones.tga
  artifactKey: Guid(32e1f804f7b0df04eb563bea2f424c08) Importer(815301076,1909f56bfc062723c751e8b465ee728b)
Start importing Assets/Textures/sand stones.tga using Guid(32e1f804f7b0df04eb563bea2f424c08) Importer(815301076,1909f56bfc062723c751e8b465ee728b)  -> (artifact id: '3c0ce238f43c630aa288647133b1331c') in 0.017618 seconds 
  Import took 0.020972 seconds .

========================================================================
Received Import Request.
  Time since last request: 0.000297 seconds.
  path: Assets/Textures/leafs.tga
  artifactKey: Guid(770fe947d1f97e942855e014cf644307) Importer(815301076,1909f56bfc062723c751e8b465ee728b)
Start importing Assets/Textures/leafs.tga using Guid(770fe947d1f97e942855e014cf644307) Importer(815301076,1909f56bfc062723c751e8b465ee728b)  -> (artifact id: '08e79f81cc989700ea27b42c7047eb84') in 0.013369 seconds 
  Import took 0.016733 seconds .

========================================================================
Received Import Request.
  Time since last request: 0.162016 seconds.
  path: Assets/SpriteShape/Leafs dark.asset
  artifactKey: Guid(48fcde1c5db3e064dba80e4e2c7f26d8) Importer(815301076,1909f56bfc062723c751e8b465ee728b)
Start importing Assets/SpriteShape/Leafs dark.asset using Guid(48fcde1c5db3e064dba80e4e2c7f26d8) Importer(815301076,1909f56bfc062723c751e8b465ee728b)  -> (artifact id: '3c952987d2af74d083bcbc42ed3b3711') in 0.011806 seconds 
  Import took 0.017306 seconds .

========================================================================
Received Import Request.
  Time since last request: 0.000297 seconds.
  path: Assets/SpriteShape/Stone leaf.asset
  artifactKey: Guid(47d172b95c7394a47a5e2200d499109a) Importer(815301076,1909f56bfc062723c751e8b465ee728b)
Start importing Assets/SpriteShape/Stone leaf.asset using Guid(47d172b95c7394a47a5e2200d499109a) Importer(815301076,1909f56bfc062723c751e8b465ee728b)  -> (artifact id: 'ee72372ff85bff478fad2ffc30bc63bc') in 0.008978 seconds 
  Import took 0.012682 seconds .

========================================================================
Received Import Request.
  Time since last request: 0.000315 seconds.
  path: Assets/SpriteShape/Soil.asset
  artifactKey: Guid(05f4d0f7b5b92ee4f9fdeafde17cfb79) Importer(815301076,1909f56bfc062723c751e8b465ee728b)
Start importing Assets/SpriteShape/Soil.asset using Guid(05f4d0f7b5b92ee4f9fdeafde17cfb79) Importer(815301076,1909f56bfc062723c751e8b465ee728b)  -> (artifact id: '303d7fa40c37118a806f56dbde921f3e') in 0.008467 seconds 
  Import took 0.012273 seconds .

========================================================================
Received Import Request.
  Time since last request: 0.000318 seconds.
  path: Assets/SpriteShape/Stone.asset
  artifactKey: Guid(6bc28a8204247214686e3ebe70316fcd) Importer(815301076,1909f56bfc062723c751e8b465ee728b)
Start importing Assets/SpriteShape/Stone.asset using Guid(6bc28a8204247214686e3ebe70316fcd) Importer(815301076,1909f56bfc062723c751e8b465ee728b)  -> (artifact id: '4c57f7b35b80bf27c71499082f41f968') in 0.008832 seconds 
  Import took 0.012824 seconds .

========================================================================
Received Import Request.
  Time since last request: 0.000304 seconds.
  path: Assets/SpriteShape/Thorn.asset
  artifactKey: Guid(c0f8903ce508d3c4f975a535f864cf18) Importer(815301076,1909f56bfc062723c751e8b465ee728b)
Start importing Assets/SpriteShape/Thorn.asset using Guid(c0f8903ce508d3c4f975a535f864cf18) Importer(815301076,1909f56bfc062723c751e8b465ee728b)  -> (artifact id: 'd564d9faea1e0764cb5bf2f5f56bc2bd') in 0.008911 seconds 
  Import took 0.012425 seconds .

========================================================================
Received Import Request.
  Time since last request: 0.000294 seconds.
  path: Assets/SpriteShape/Stone.asset
  artifactKey: Guid(6bc28a8204247214686e3ebe70316fcd) Importer(815301076,1909f56bfc062723c751e8b465ee728b)
Start importing Assets/SpriteShape/Stone.asset using Guid(6bc28a8204247214686e3ebe70316fcd) Importer(815301076,1909f56bfc062723c751e8b465ee728b)  -> (artifact id: '4c57f7b35b80bf27c71499082f41f968') in 0.004164 seconds 
  Import took 0.008222 seconds .

========================================================================
Received Import Request.
  Time since last request: 0.004761 seconds.
  path: Assets/SpriteShape/Thorn.asset
  artifactKey: Guid(c0f8903ce508d3c4f975a535f864cf18) Importer(815301076,1909f56bfc062723c751e8b465ee728b)
Start importing Assets/SpriteShape/Thorn.asset using Guid(c0f8903ce508d3c4f975a535f864cf18) Importer(815301076,1909f56bfc062723c751e8b465ee728b)  -> (artifact id: 'd564d9faea1e0764cb5bf2f5f56bc2bd') in 0.004048 seconds 
  Import took 0.008067 seconds .

========================================================================
Received Import Request.
  Time since last request: 2.628756 seconds.
  path: Assets/Font/07やさしさゴシック.ttf
  artifactKey: Guid(18d7c22631cb5104ba209b9b6178ca83) Importer(815301076,1909f56bfc062723c751e8b465ee728b)
Start importing Assets/Font/07やさしさゴシック.ttf using Guid(18d7c22631cb5104ba209b9b6178ca83) Importer(815301076,1909f56bfc062723c751e8b465ee728b)  -> (artifact id: '1d9747d03c828d864aaca7296f1cb07a') in 0.057606 seconds 
  Import took 0.062121 seconds .

========================================================================
Received Import Request.
  Time since last request: 0.000374 seconds.
  path: Assets/Font/Enchanted Land.otf
  artifactKey: Guid(d7b960e0643303b4cba9dd35c579eed4) Importer(815301076,1909f56bfc062723c751e8b465ee728b)
Start importing Assets/Font/Enchanted Land.otf using Guid(d7b960e0643303b4cba9dd35c579eed4) Importer(815301076,1909f56bfc062723c751e8b465ee728b)  -> (artifact id: 'c481d6440a66d4d7cdbcefb081891f92') in 0.021523 seconds 
  Import took 0.026104 seconds .

========================================================================
Received Import Request.
  Time since last request: 0.000294 seconds.
  path: Assets/Font/Wonderbar Demo.otf
  artifactKey: Guid(9ba71dd37f55b7a498cb7e85d7f40e06) Importer(815301076,1909f56bfc062723c751e8b465ee728b)
Start importing Assets/Font/Wonderbar Demo.otf using Guid(9ba71dd37f55b7a498cb7e85d7f40e06) Importer(815301076,1909f56bfc062723c751e8b465ee728b)  -> (artifact id: '2e572a97098b6ca94c883be8e5920db9') in 0.018369 seconds 
  Import took 0.022537 seconds .

========================================================================
Received Import Request.
  Time since last request: 0.000364 seconds.
  path: Assets/Font/Planetarium.otf
  artifactKey: Guid(dfa6a4f49da4fde4c873f5866f7bb40b) Importer(815301076,1909f56bfc062723c751e8b465ee728b)
Start importing Assets/Font/Planetarium.otf using Guid(dfa6a4f49da4fde4c873f5866f7bb40b) Importer(815301076,1909f56bfc062723c751e8b465ee728b)  -> (artifact id: '14142340be11a4d4f16d59738379b354') in 0.019097 seconds 
  Import took 0.023362 seconds .

========================================================================
Received Import Request.
  Time since last request: 0.000364 seconds.
  path: Assets/Font/RONDE-B_SQUARE.OTF
  artifactKey: Guid(ac010ec0ed026124abf3da356925c559) Importer(815301076,1909f56bfc062723c751e8b465ee728b)
Start importing Assets/Font/RONDE-B_SQUARE.OTF using Guid(ac010ec0ed026124abf3da356925c559) Importer(815301076,1909f56bfc062723c751e8b465ee728b)  -> (artifact id: '7efc37ee618d56e22e16ca4e0219fb02') in 0.021250 seconds 
  Import took 0.025732 seconds .

========================================================================
Received Import Request.
  Time since last request: 0.000337 seconds.
  path: Assets/Font/Wonderland.ttf
  artifactKey: Guid(8f917cebccb31fd4984260c5bda13d41) Importer(815301076,1909f56bfc062723c751e8b465ee728b)
Start importing Assets/Font/Wonderland.ttf using Guid(8f917cebccb31fd4984260c5bda13d41) Importer(815301076,1909f56bfc062723c751e8b465ee728b)  -> (artifact id: 'd0e11c6a06ae7c37d7c81406bdfabd9b') in 0.020848 seconds 
  Import took 0.025282 seconds .

========================================================================
Received Import Request.
  Time since last request: 0.000365 seconds.
  path: Assets/Font/851CHIKARA-YOWAKU_002.ttf
  artifactKey: Guid(136a1f9ef69e8f84789da86259f6ed8e) Importer(815301076,1909f56bfc062723c751e8b465ee728b)
Start importing Assets/Font/851CHIKARA-YOWAKU_002.ttf using Guid(136a1f9ef69e8f84789da86259f6ed8e) Importer(815301076,1909f56bfc062723c751e8b465ee728b)  -> (artifact id: '52521316a4bd30a3daaffae404ac5777') in 0.017086 seconds 
  Import took 0.021419 seconds .

========================================================================
Received Import Request.
  Time since last request: 0.000316 seconds.
  path: Assets/Font/UmiYamaLogoGothicFreeVer-R.otf
  artifactKey: Guid(7bdbfec2e87637e44ba6ce328fd21246) Importer(815301076,1909f56bfc062723c751e8b465ee728b)
Start importing Assets/Font/UmiYamaLogoGothicFreeVer-R.otf using Guid(7bdbfec2e87637e44ba6ce328fd21246) Importer(815301076,1909f56bfc062723c751e8b465ee728b)  -> (artifact id: 'dd6ec09c7c3eae3e349cbaae8843c516') in 0.017957 seconds 
  Import took 0.022582 seconds .

========================================================================
Received Import Request.
  Time since last request: 0.000297 seconds.
  path: Assets/Font/851CHIKARA-YOWAKU_002.ttf
  artifactKey: Guid(136a1f9ef69e8f84789da86259f6ed8e) Importer(815301076,1909f56bfc062723c751e8b465ee728b)
Start importing Assets/Font/851CHIKARA-YOWAKU_002.ttf using Guid(136a1f9ef69e8f84789da86259f6ed8e) Importer(815301076,1909f56bfc062723c751e8b465ee728b)  -> (artifact id: '52521316a4bd30a3daaffae404ac5777') in 0.019384 seconds 
  Import took 0.023782 seconds .

========================================================================
Received Import Request.
  Time since last request: 0.000354 seconds.
  path: Assets/Font/Kaiso-Next-B.otf
  artifactKey: Guid(a51f60c702ac88746a99d3ddd97fabb0) Importer(815301076,1909f56bfc062723c751e8b465ee728b)
Start importing Assets/Font/Kaiso-Next-B.otf using Guid(a51f60c702ac88746a99d3ddd97fabb0) Importer(815301076,1909f56bfc062723c751e8b465ee728b)  -> (artifact id: '093d983b3477dc537f124d86ce813477') in 0.016933 seconds 
  Import took 0.020502 seconds .

========================================================================
Received Import Request.
  Time since last request: 0.000275 seconds.
  path: Assets/Font/KodomoRounded.otf
  artifactKey: Guid(5129cf001ee33dd4aa42d452317249f4) Importer(815301076,1909f56bfc062723c751e8b465ee728b)
Start importing Assets/Font/KodomoRounded.otf using Guid(5129cf001ee33dd4aa42d452317249f4) Importer(815301076,1909f56bfc062723c751e8b465ee728b)  -> (artifact id: 'a457720123f45db7bc8840ea36c78fd2') in 0.016470 seconds 
  Import took 0.020854 seconds .

========================================================================
Received Prepare
Registering precompiled user dll's ...
Registered in 0.004593 seconds.
Begin MonoManager ReloadAssembly
Native extension for WindowsStandalone target not found
Refreshing native plugins compatible for Editor in 0.54 ms, found 3 plugins.
Preloading 0 native plugins for Editor in 0.00 ms.
Mono: successfully reloaded assembly
- Completed reload, in  1.586 seconds
Platform modules already initialized, skipping
Refreshing native plugins compatible for Editor in 0.47 ms, found 3 plugins.
Preloading 0 native plugins for Editor in 0.00 ms.
Unloading 2095 Unused Serialized files (Serialized files now loaded: 0)
System memory in use before: 99.5 MB.
System memory in use after: 99.6 MB.

Unloading 18 unused Assets to reduce memory usage. Loaded Objects now: 2612.
Total: 2.467400 ms (FindLiveObjects: 0.205300 ms CreateObjectMapping: 0.074700 ms MarkObjects: 2.164100 ms  DeleteObjects: 0.022400 ms)

AssetImportParameters requested are different than current active one (requested -> active):
  custom:framework-win-MediaFoundation: 216162199b28c13a410421893ffa2e32 -> 
  custom:video-decoder-ogg-theora: a1e56fd34408186e4bbccfd4996cb3dc -> 
  custom:container-muxer-webm: aa71ff27fc2769a1b78a27578f13a17b -> 
  custom:container-demuxer-webm: 4f35f7cbe854078d1ac9338744f61a02 -> 
  custom:container-demuxer-ogg: 62fdf1f143b41e24485cea50d1cbac27 -> 
  custom:video-encoder-webm-vp8: eb34c28f22e8b96e1ab97ce403110664 -> 
  custom:video-decoder-webm-vp8: 9c59270c3fd7afecdb556c50c9e8de78 -> 
  custom:audio-decoder-ogg-vorbis: bf7c407c2cedff20999df2af8eb42d56 -> 
  custom:audio-encoder-webm-vorbis: bf7c407c2cedff20999df2af8eb42d56 -> 
AssetImportWorkerClient::OnTransportError - code=2 error=End of file
